<?xml version="1.0" encoding="UTF-8"?>
<testng-results ignored="0" total="1" passed="1" failed="0" skipped="0">
  <reporter-output>
  </reporter-output>
  <suite started-at="2021-01-13T22:56:38 EST" name="Default suite" finished-at="2021-01-13T22:56:39 EST" duration-ms="1710">
    <groups>
    </groups>
    <test started-at="2021-01-13T22:56:38 EST" name="Default test" finished-at="2021-01-13T22:56:39 EST" duration-ms="1710">
      <class name="com.restassured.DeleteAssertion">
        <test-method signature="test_04()[pri:0, instance:com.restassured.DeleteAssertion@147ed70f]" started-at="2021-01-13T22:56:38 EST" name="test_04" finished-at="2021-01-13T22:56:39 EST" duration-ms="1682" status="PASS">
          <reporter-output>
          </reporter-output>
        </test-method> <!-- test_04 -->
      </class> <!-- com.restassured.DeleteAssertion -->
    </test> <!-- Default test -->
  </suite> <!-- Default suite -->
</testng-results>
